{"level":"info","ts":"2017-12-20T14:04:41.823+0800","caller":"Config/logger.go:46","msg":"--------------------------------------------------"}
{"level":"info","ts":"2017-12-20T14:04:41.823+0800","caller":"Config/logger.go:47","msg":"-------------------App start----------------------"}
{"level":"info","ts":"2017-12-20T14:04:41.823+0800","caller":"Config/logger.go:48","msg":"--------------------------------------------------"}
{"level":"info","ts":"2017-12-20T14:09:52.230+0800","caller":"Config/logger.go:46","msg":"--------------------------------------------------"}
{"level":"info","ts":"2017-12-20T14:09:52.231+0800","caller":"Config/logger.go:47","msg":"-------------------App start----------------------"}
{"level":"info","ts":"2017-12-20T14:09:52.231+0800","caller":"Config/logger.go:48","msg":"--------------------------------------------------"}
{"level":"info","ts":"2017-12-20T14:10:49.399+0800","caller":"Config/logger.go:46","msg":"--------------------------------------------------"}
{"level":"info","ts":"2017-12-20T14:10:49.399+0800","caller":"Config/logger.go:47","msg":"-------------------App start----------------------"}
{"level":"info","ts":"2017-12-20T14:10:49.399+0800","caller":"Config/logger.go:48","msg":"--------------------------------------------------"}
{"level":"info","ts":"2017-12-20T14:12:52.788+0800","caller":"Config/logger.go:46","msg":"--------------------------------------------------"}
{"level":"info","ts":"2017-12-20T14:12:52.788+0800","caller":"Config/logger.go:47","msg":"-------------------App start----------------------"}
{"level":"info","ts":"2017-12-20T14:12:52.789+0800","caller":"Config/logger.go:48","msg":"--------------------------------------------------"}
{"level":"info","ts":"2017-12-20T14:20:53.258+0800","caller":"Config/logger.go:46","msg":"--------------------------------------------------"}
{"level":"info","ts":"2017-12-20T14:20:53.259+0800","caller":"Config/logger.go:47","msg":"-------------------App start----------------------"}
{"level":"info","ts":"2017-12-20T14:20:53.259+0800","caller":"Config/logger.go:48","msg":"--------------------------------------------------"}
{"level":"info","ts":"2017-12-20T14:33:26.056+0800","caller":"Config/logger.go:46","msg":"--------------------------------------------------"}
{"level":"info","ts":"2017-12-20T14:33:26.057+0800","caller":"Config/logger.go:47","msg":"-------------------App start----------------------"}
{"level":"info","ts":"2017-12-20T14:33:26.057+0800","caller":"Config/logger.go:48","msg":"--------------------------------------------------"}
{"level":"info","ts":"2017-12-20T14:34:06.100+0800","caller":"Config/logger.go:46","msg":"--------------------------------------------------"}
{"level":"info","ts":"2017-12-20T14:34:06.100+0800","caller":"Config/logger.go:47","msg":"-------------------App start----------------------"}
{"level":"info","ts":"2017-12-20T14:34:06.100+0800","caller":"Config/logger.go:48","msg":"--------------------------------------------------"}
{"level":"info","ts":"2017-12-20T14:34:07.666+0800","caller":"Config/database.go:31","msg":"Begin to close db connection!"}
{"level":"info","ts":"2017-12-20T14:41:33.534+0800","caller":"Config/logger.go:46","msg":"--------------------------------------------------"}
{"level":"info","ts":"2017-12-20T14:41:33.535+0800","caller":"Config/logger.go:47","msg":"-------------------App start----------------------"}
{"level":"info","ts":"2017-12-20T14:41:33.535+0800","caller":"Config/logger.go:48","msg":"--------------------------------------------------"}
{"level":"info","ts":"2017-12-20T14:41:39.888+0800","caller":"Config/database.go:31","msg":"Begin to close db connection!"}
{"level":"info","ts":"2017-12-20T14:41:47.719+0800","caller":"Config/database.go:31","msg":"Begin to close db connection!"}
{"level":"info","ts":"2017-12-20T14:41:51.445+0800","caller":"Config/database.go:31","msg":"Begin to close db connection!"}
{"level":"info","ts":"2017-12-20T14:42:11.725+0800","caller":"Config/logger.go:46","msg":"--------------------------------------------------"}
{"level":"info","ts":"2017-12-20T14:42:11.725+0800","caller":"Config/logger.go:47","msg":"-------------------App start----------------------"}
{"level":"info","ts":"2017-12-20T14:42:11.725+0800","caller":"Config/logger.go:48","msg":"--------------------------------------------------"}
{"level":"info","ts":"2017-12-20T14:42:31.764+0800","caller":"Config/logger.go:46","msg":"--------------------------------------------------"}
{"level":"info","ts":"2017-12-20T14:42:31.764+0800","caller":"Config/logger.go:47","msg":"-------------------App start----------------------"}
{"level":"info","ts":"2017-12-20T14:42:31.764+0800","caller":"Config/logger.go:48","msg":"--------------------------------------------------"}
{"level":"info","ts":"2017-12-20T14:43:28.751+0800","caller":"Config/logger.go:46","msg":"--------------------------------------------------"}
{"level":"info","ts":"2017-12-20T14:43:28.752+0800","caller":"Config/logger.go:47","msg":"-------------------App start----------------------"}
{"level":"info","ts":"2017-12-20T14:43:28.752+0800","caller":"Config/logger.go:48","msg":"--------------------------------------------------"}
{"level":"info","ts":"2017-12-20T14:43:36.567+0800","caller":"Config/database.go:31","msg":"Begin to close db connection!"}
{"level":"info","ts":"2017-12-20T14:43:45.327+0800","caller":"Config/logger.go:46","msg":"--------------------------------------------------"}
{"level":"info","ts":"2017-12-20T14:43:45.327+0800","caller":"Config/logger.go:47","msg":"-------------------App start----------------------"}
{"level":"info","ts":"2017-12-20T14:43:45.327+0800","caller":"Config/logger.go:48","msg":"--------------------------------------------------"}
{"level":"info","ts":"2017-12-20T14:43:48.082+0800","caller":"Config/database.go:31","msg":"Begin to close db connection!"}
{"level":"info","ts":"2017-12-20T14:44:25.321+0800","caller":"Config/logger.go:46","msg":"--------------------------------------------------"}
{"level":"info","ts":"2017-12-20T14:44:25.321+0800","caller":"Config/logger.go:47","msg":"-------------------App start----------------------"}
{"level":"info","ts":"2017-12-20T14:44:25.321+0800","caller":"Config/logger.go:48","msg":"--------------------------------------------------"}
{"level":"info","ts":"2017-12-20T14:44:27.965+0800","caller":"Config/database.go:31","msg":"Begin to close db connection!"}
{"level":"info","ts":"2017-12-20T14:57:04.761+0800","caller":"Config/logger.go:46","msg":"--------------------------------------------------"}
{"level":"info","ts":"2017-12-20T14:57:04.762+0800","caller":"Config/logger.go:47","msg":"-------------------App start----------------------"}
{"level":"info","ts":"2017-12-20T14:57:04.762+0800","caller":"Config/logger.go:48","msg":"--------------------------------------------------"}
{"level":"info","ts":"2017-12-20T14:57:08.030+0800","caller":"crm-x/index.go:63","msg":"Shutdown Server ..."}
{"level":"info","ts":"2017-12-20T14:57:08.030+0800","caller":"crm-x/index.go:70","msg":"Server exiting"}
{"level":"info","ts":"2017-12-20T15:07:52.868+0800","caller":"Config/logger.go:46","msg":"--------------------------------------------------"}
{"level":"info","ts":"2017-12-20T15:07:52.868+0800","caller":"Config/logger.go:47","msg":"-------------------App start----------------------"}
{"level":"info","ts":"2017-12-20T15:07:52.868+0800","caller":"Config/logger.go:48","msg":"--------------------------------------------------"}
{"level":"info","ts":"2017-12-20T15:07:57.390+0800","caller":"crm-x/index.go:65","msg":"Shutdown Server ..."}
{"level":"info","ts":"2017-12-20T15:07:57.390+0800","caller":"Config/database.go:31","msg":"Begin to close db connection!"}
{"level":"info","ts":"2017-12-20T15:07:57.390+0800","caller":"crm-x/index.go:75","msg":"Server exiting"}
{"level":"info","ts":"2017-12-20T15:14:59.716+0800","caller":"Config/logger.go:46","msg":"--------------------------------------------------"}
{"level":"info","ts":"2017-12-20T15:14:59.717+0800","caller":"Config/logger.go:47","msg":"-------------------App start----------------------"}
{"level":"info","ts":"2017-12-20T15:14:59.717+0800","caller":"Config/logger.go:48","msg":"--------------------------------------------------"}
{"level":"info","ts":"2017-12-20T15:15:20.153+0800","caller":"crm-x/index.go:72","msg":"Shutdown Server ..."}
{"level":"info","ts":"2017-12-20T15:15:20.153+0800","caller":"Config/database.go:31","msg":"Begin to close db connection!"}
{"level":"info","ts":"2017-12-20T15:15:20.153+0800","caller":"crm-x/index.go:82","msg":"Server exiting"}
{"level":"info","ts":"2017-12-20T15:16:37.505+0800","caller":"Config/logger.go:46","msg":"--------------------------------------------------"}
{"level":"info","ts":"2017-12-20T15:16:37.505+0800","caller":"Config/logger.go:47","msg":"-------------------App start----------------------"}
{"level":"info","ts":"2017-12-20T15:16:37.505+0800","caller":"Config/logger.go:48","msg":"--------------------------------------------------"}
{"level":"info","ts":"2017-12-20T15:17:11.668+0800","caller":"crm-x/index.go:72","msg":"Shutdown Server ..."}
{"level":"info","ts":"2017-12-20T15:17:11.668+0800","caller":"Config/database.go:31","msg":"Begin to close db connection!"}
{"level":"info","ts":"2017-12-20T15:17:11.668+0800","caller":"crm-x/index.go:76","msg":"------------------Recycle------------------"}
{"level":"info","ts":"2017-12-20T15:17:11.670+0800","caller":"crm-x/index.go:83","msg":"------------------Server exiting------------------"}
{"level":"info","ts":"2017-12-20T15:17:40.397+0800","caller":"Config/logger.go:46","msg":"--------------------------------------------------"}
{"level":"info","ts":"2017-12-20T15:17:40.397+0800","caller":"Config/logger.go:47","msg":"-------------------App start----------------------"}
{"level":"info","ts":"2017-12-20T15:17:40.398+0800","caller":"Config/logger.go:48","msg":"--------------------------------------------------"}
{"level":"info","ts":"2017-12-20T15:18:13.641+0800","caller":"Config/logger.go:46","msg":"--------------------------------------------------"}
{"level":"info","ts":"2017-12-20T15:18:13.642+0800","caller":"Config/logger.go:47","msg":"-------------------App start----------------------"}
{"level":"info","ts":"2017-12-20T15:18:13.642+0800","caller":"Config/logger.go:48","msg":"--------------------------------------------------"}
{"level":"info","ts":"2017-12-20T15:18:28.355+0800","caller":"Config/logger.go:46","msg":"--------------------------------------------------"}
{"level":"info","ts":"2017-12-20T15:18:28.355+0800","caller":"Config/logger.go:47","msg":"-------------------App start----------------------"}
{"level":"info","ts":"2017-12-20T15:18:28.355+0800","caller":"Config/logger.go:48","msg":"--------------------------------------------------"}
{"level":"info","ts":"2017-12-20T15:19:50.191+0800","caller":"Config/logger.go:46","msg":"--------------------------------------------------"}
{"level":"info","ts":"2017-12-20T15:19:50.192+0800","caller":"Config/logger.go:47","msg":"-------------------App start----------------------"}
{"level":"info","ts":"2017-12-20T15:19:50.192+0800","caller":"Config/logger.go:48","msg":"--------------------------------------------------"}
{"level":"info","ts":"2017-12-20T15:20:35.485+0800","caller":"Config/logger.go:46","msg":"--------------------------------------------------"}
{"level":"info","ts":"2017-12-20T15:20:35.485+0800","caller":"Config/logger.go:47","msg":"-------------------App start----------------------"}
{"level":"info","ts":"2017-12-20T15:20:35.485+0800","caller":"Config/logger.go:48","msg":"--------------------------------------------------"}
{"level":"info","ts":"2017-12-20T15:20:35.815+0800","caller":"crm-x/index.go:63","msg":"listen: listen tcp :8080: bind: address already in use\n"}
{"level":"info","ts":"2017-12-20T15:20:48.578+0800","caller":"crm-x/index.go:72","msg":"Shutdown Server ..."}
{"level":"info","ts":"2017-12-20T15:20:48.579+0800","caller":"Config/database.go:31","msg":"Begin to close db connection!"}
{"level":"info","ts":"2017-12-20T15:20:48.579+0800","caller":"crm-x/index.go:76","msg":"------------------    Recycle   ------------------"}
{"level":"info","ts":"2017-12-20T15:20:48.581+0800","caller":"crm-x/index.go:83","msg":"------------------Server exiting------------------"}
{"level":"info","ts":"2017-12-20T15:20:51.006+0800","caller":"crm-x/index.go:72","msg":"Shutdown Server ..."}
{"level":"info","ts":"2017-12-20T15:20:51.007+0800","caller":"Config/database.go:31","msg":"Begin to close db connection!"}
{"level":"info","ts":"2017-12-20T15:20:51.007+0800","caller":"crm-x/index.go:76","msg":"------------------    Recycle   ------------------"}
{"level":"info","ts":"2017-12-20T15:20:51.007+0800","caller":"crm-x/index.go:83","msg":"------------------Server exiting------------------"}
{"level":"info","ts":"2017-12-20T15:20:53.424+0800","caller":"Config/logger.go:46","msg":"--------------------------------------------------"}
{"level":"info","ts":"2017-12-20T15:20:53.424+0800","caller":"Config/logger.go:47","msg":"-------------------App start----------------------"}
{"level":"info","ts":"2017-12-20T15:20:53.424+0800","caller":"Config/logger.go:48","msg":"--------------------------------------------------"}
{"level":"info","ts":"2017-12-20T15:22:58.013+0800","caller":"crm-x/index.go:72","msg":"Shutdown Server ..."}
{"level":"info","ts":"2017-12-20T15:22:58.014+0800","caller":"Config/database.go:31","msg":"Begin to close db connection!"}
{"level":"info","ts":"2017-12-20T15:22:58.014+0800","caller":"crm-x/index.go:76","msg":"------------------    Recycle   ------------------"}
{"level":"info","ts":"2017-12-20T15:22:58.014+0800","caller":"crm-x/index.go:83","msg":"------------------Server exiting------------------"}
{"level":"info","ts":"2017-12-20T17:45:41.851+0800","caller":"Config/logger.go:46","msg":"--------------------------------------------------"}
{"level":"info","ts":"2017-12-20T17:45:41.852+0800","caller":"Config/logger.go:47","msg":"-------------------App start----------------------"}
{"level":"info","ts":"2017-12-20T17:45:41.852+0800","caller":"Config/logger.go:48","msg":"--------------------------------------------------"}
{"level":"info","ts":"2017-12-20T20:27:31.301+0800","caller":"Config/logger.go:46","msg":"--------------------------------------------------"}
{"level":"info","ts":"2017-12-20T20:27:31.302+0800","caller":"Config/logger.go:47","msg":"-------------------App start----------------------"}
{"level":"info","ts":"2017-12-20T20:27:31.302+0800","caller":"Config/logger.go:48","msg":"--------------------------------------------------"}
{"level":"info","ts":"2017-12-20T20:38:29.547+0800","caller":"Config/logger.go:46","msg":"--------------------------------------------------"}
{"level":"info","ts":"2017-12-20T20:38:29.547+0800","caller":"Config/logger.go:47","msg":"-------------------App start----------------------"}
{"level":"info","ts":"2017-12-20T20:38:29.547+0800","caller":"Config/logger.go:48","msg":"--------------------------------------------------"}
{"level":"info","ts":"2017-12-20T20:43:31.041+0800","caller":"Config/logger.go:46","msg":"--------------------------------------------------"}
{"level":"info","ts":"2017-12-20T20:43:31.041+0800","caller":"Config/logger.go:47","msg":"-------------------App start----------------------"}
{"level":"info","ts":"2017-12-20T20:43:31.041+0800","caller":"Config/logger.go:48","msg":"--------------------------------------------------"}
{"level":"info","ts":"2017-12-20T20:45:07.644+0800","caller":"Config/logger.go:46","msg":"--------------------------------------------------"}
{"level":"info","ts":"2017-12-20T20:45:07.645+0800","caller":"Config/logger.go:47","msg":"-------------------App start----------------------"}
{"level":"info","ts":"2017-12-20T20:45:07.645+0800","caller":"Config/logger.go:48","msg":"--------------------------------------------------"}
{"level":"info","ts":"2017-12-20T20:48:35.835+0800","caller":"crm-x/index.go:72","msg":"Shutdown Server ..."}
{"level":"info","ts":"2017-12-20T20:48:35.837+0800","caller":"Config/database.go:31","msg":"Begin to close db connection!"}
{"level":"info","ts":"2017-12-20T20:48:35.837+0800","caller":"crm-x/index.go:76","msg":"------------------    Recycle   ------------------"}
{"level":"info","ts":"2017-12-20T20:48:35.840+0800","caller":"crm-x/index.go:83","msg":"------------------Server exiting------------------"}
{"level":"info","ts":"2017-12-20T20:48:50.325+0800","caller":"Config/logger.go:46","msg":"--------------------------------------------------"}
{"level":"info","ts":"2017-12-20T20:48:50.326+0800","caller":"Config/logger.go:47","msg":"-------------------App start----------------------"}
{"level":"info","ts":"2017-12-20T20:48:50.326+0800","caller":"Config/logger.go:48","msg":"--------------------------------------------------"}
{"level":"info","ts":"2017-12-20T21:28:13.967+0800","caller":"crm-x/index.go:71","msg":"Shutdown Server ..."}
{"level":"info","ts":"2017-12-20T21:28:13.968+0800","caller":"Config/database.go:31","msg":"Begin to close db connection!"}
{"level":"info","ts":"2017-12-20T21:28:13.968+0800","caller":"crm-x/index.go:75","msg":"------------------    Recycle   ------------------"}
{"level":"info","ts":"2017-12-20T21:28:13.968+0800","caller":"crm-x/index.go:82","msg":"------------------Server exiting------------------"}
{"level":"info","ts":"2017-12-20T21:29:05.883+0800","caller":"Config/logger.go:46","msg":"--------------------------------------------------"}
{"level":"info","ts":"2017-12-20T21:29:05.884+0800","caller":"Config/logger.go:47","msg":"-------------------App start----------------------"}
{"level":"info","ts":"2017-12-20T21:29:05.884+0800","caller":"Config/logger.go:48","msg":"--------------------------------------------------"}
{"level":"info","ts":"2017-12-20T21:29:16.197+0800","caller":"Config/logger.go:46","msg":"--------------------------------------------------"}
{"level":"info","ts":"2017-12-20T21:29:16.197+0800","caller":"Config/logger.go:47","msg":"-------------------App start----------------------"}
{"level":"info","ts":"2017-12-20T21:29:16.197+0800","caller":"Config/logger.go:48","msg":"--------------------------------------------------"}
{"level":"info","ts":"2017-12-20T21:41:04.019+0800","caller":"crm-x/index.go:71","msg":"Shutdown Server ..."}
{"level":"info","ts":"2017-12-20T21:41:04.020+0800","caller":"Config/database.go:31","msg":"Begin to close db connection!"}
{"level":"info","ts":"2017-12-20T21:41:04.020+0800","caller":"crm-x/index.go:75","msg":"------------------    Recycle   ------------------"}
{"level":"info","ts":"2017-12-20T21:41:04.021+0800","caller":"crm-x/index.go:82","msg":"------------------Server exiting------------------"}
{"level":"info","ts":"2017-12-20T21:41:07.802+0800","caller":"Config/logger.go:46","msg":"--------------------------------------------------"}
{"level":"info","ts":"2017-12-20T21:41:07.802+0800","caller":"Config/logger.go:47","msg":"-------------------App start----------------------"}
{"level":"info","ts":"2017-12-20T21:41:07.802+0800","caller":"Config/logger.go:48","msg":"--------------------------------------------------"}
{"level":"info","ts":"2017-12-20T21:42:03.024+0800","caller":"crm-x/index.go:71","msg":"Shutdown Server ..."}
{"level":"info","ts":"2017-12-20T21:42:03.024+0800","caller":"Config/database.go:31","msg":"Begin to close db connection!"}
{"level":"info","ts":"2017-12-20T21:42:03.024+0800","caller":"crm-x/index.go:75","msg":"------------------    Recycle   ------------------"}
{"level":"info","ts":"2017-12-20T21:42:03.026+0800","caller":"crm-x/index.go:82","msg":"------------------Server exiting------------------"}
{"level":"info","ts":"2017-12-20T21:42:07.271+0800","caller":"Config/logger.go:46","msg":"--------------------------------------------------"}
{"level":"info","ts":"2017-12-20T21:42:07.272+0800","caller":"Config/logger.go:47","msg":"-------------------App start----------------------"}
{"level":"info","ts":"2017-12-20T21:42:07.272+0800","caller":"Config/logger.go:48","msg":"--------------------------------------------------"}
{"level":"info","ts":"2017-12-20T21:42:54.715+0800","caller":"crm-x/index.go:71","msg":"Shutdown Server ..."}
{"level":"info","ts":"2017-12-20T21:42:54.715+0800","caller":"Config/database.go:31","msg":"Begin to close db connection!"}
{"level":"info","ts":"2017-12-20T21:42:54.715+0800","caller":"crm-x/index.go:75","msg":"------------------    Recycle   ------------------"}
{"level":"info","ts":"2017-12-20T21:42:54.716+0800","caller":"crm-x/index.go:82","msg":"------------------Server exiting------------------"}
{"level":"info","ts":"2017-12-20T21:42:57.711+0800","caller":"Config/logger.go:46","msg":"--------------------------------------------------"}
{"level":"info","ts":"2017-12-20T21:42:57.711+0800","caller":"Config/logger.go:47","msg":"-------------------App start----------------------"}
{"level":"info","ts":"2017-12-20T21:42:57.711+0800","caller":"Config/logger.go:48","msg":"--------------------------------------------------"}
{"level":"info","ts":"2017-12-20T23:19:56.306+0800","caller":"crm-x/index.go:71","msg":"Shutdown Server ..."}
{"level":"info","ts":"2017-12-20T23:19:56.313+0800","caller":"Config/database.go:31","msg":"Begin to close db connection!"}
{"level":"info","ts":"2017-12-20T23:19:56.313+0800","caller":"crm-x/index.go:75","msg":"------------------    Recycle   ------------------"}
{"level":"info","ts":"2017-12-20T23:19:56.314+0800","caller":"crm-x/index.go:82","msg":"------------------Server exiting------------------"}
{"level":"info","ts":"2017-12-20T23:20:00.141+0800","caller":"Config/logger.go:46","msg":"--------------------------------------------------"}
{"level":"info","ts":"2017-12-20T23:20:00.141+0800","caller":"Config/logger.go:47","msg":"-------------------App start----------------------"}
{"level":"info","ts":"2017-12-20T23:20:00.141+0800","caller":"Config/logger.go:48","msg":"--------------------------------------------------"}
{"level":"info","ts":"2017-12-20T23:20:58.788+0800","caller":"crm-x/index.go:71","msg":"Shutdown Server ..."}
{"level":"info","ts":"2017-12-20T23:20:58.788+0800","caller":"Config/database.go:31","msg":"Begin to close db connection!"}
{"level":"info","ts":"2017-12-20T23:20:58.788+0800","caller":"crm-x/index.go:75","msg":"------------------    Recycle   ------------------"}
{"level":"info","ts":"2017-12-20T23:20:58.789+0800","caller":"crm-x/index.go:82","msg":"------------------Server exiting------------------"}
{"level":"info","ts":"2017-12-20T23:21:06.431+0800","caller":"Config/logger.go:46","msg":"--------------------------------------------------"}
{"level":"info","ts":"2017-12-20T23:21:06.431+0800","caller":"Config/logger.go:47","msg":"-------------------App start----------------------"}
{"level":"info","ts":"2017-12-20T23:21:06.431+0800","caller":"Config/logger.go:48","msg":"--------------------------------------------------"}
{"level":"info","ts":"2017-12-20T23:28:30.726+0800","caller":"crm-x/index.go:71","msg":"Shutdown Server ..."}
{"level":"info","ts":"2017-12-20T23:28:30.727+0800","caller":"Config/database.go:31","msg":"Begin to close db connection!"}
{"level":"info","ts":"2017-12-20T23:28:30.727+0800","caller":"crm-x/index.go:75","msg":"------------------    Recycle   ------------------"}
{"level":"info","ts":"2017-12-20T23:28:30.728+0800","caller":"crm-x/index.go:82","msg":"------------------Server exiting------------------"}
{"level":"info","ts":"2017-12-20T23:32:16.967+0800","caller":"Config/logger.go:46","msg":"--------------------------------------------------"}
{"level":"info","ts":"2017-12-20T23:32:16.967+0800","caller":"Config/logger.go:47","msg":"-------------------App start----------------------"}
{"level":"info","ts":"2017-12-20T23:32:16.967+0800","caller":"Config/logger.go:48","msg":"--------------------------------------------------"}
{"level":"info","ts":"2017-12-20T23:32:23.131+0800","caller":"ChatControllers/client.go:149","msg":"Create a new websocket connection!"}
{"level":"info","ts":"2017-12-20T23:32:42.000+0800","caller":"ChatControllers/client.go:149","msg":"Create a new websocket connection!"}
{"level":"info","ts":"2017-12-20T23:37:28.988+0800","caller":"crm-x/index.go:71","msg":"Shutdown Server ..."}
{"level":"info","ts":"2017-12-20T23:37:28.990+0800","caller":"Config/database.go:31","msg":"Begin to close db connection!"}
{"level":"info","ts":"2017-12-20T23:37:28.990+0800","caller":"crm-x/index.go:75","msg":"------------------    Recycle   ------------------"}
{"level":"info","ts":"2017-12-20T23:37:28.990+0800","caller":"crm-x/index.go:82","msg":"------------------Server exiting------------------"}
{"level":"info","ts":"2017-12-20T23:37:33.179+0800","caller":"Config/logger.go:46","msg":"--------------------------------------------------"}
{"level":"info","ts":"2017-12-20T23:37:33.180+0800","caller":"Config/logger.go:47","msg":"-------------------App start----------------------"}
{"level":"info","ts":"2017-12-20T23:37:33.180+0800","caller":"Config/logger.go:48","msg":"--------------------------------------------------"}
{"level":"info","ts":"2017-12-20T23:37:38.644+0800","caller":"ChatControllers/client.go:149","msg":"Create a new websocket connection!"}
{"level":"info","ts":"2017-12-20T23:37:41.799+0800","caller":"ChatControllers/client.go:149","msg":"Create a new websocket connection!"}
{"level":"info","ts":"2017-12-20T23:38:27.741+0800","caller":"crm-x/index.go:71","msg":"Shutdown Server ..."}
{"level":"info","ts":"2017-12-20T23:38:27.742+0800","caller":"Config/database.go:31","msg":"Begin to close db connection!"}
{"level":"info","ts":"2017-12-20T23:38:27.742+0800","caller":"crm-x/index.go:75","msg":"------------------    Recycle   ------------------"}
{"level":"info","ts":"2017-12-20T23:38:27.743+0800","caller":"crm-x/index.go:82","msg":"------------------Server exiting------------------"}
{"level":"info","ts":"2017-12-20T23:38:31.290+0800","caller":"Config/logger.go:46","msg":"--------------------------------------------------"}
{"level":"info","ts":"2017-12-20T23:38:31.290+0800","caller":"Config/logger.go:47","msg":"-------------------App start----------------------"}
{"level":"info","ts":"2017-12-20T23:38:31.290+0800","caller":"Config/logger.go:48","msg":"--------------------------------------------------"}
{"level":"info","ts":"2017-12-20T23:38:33.677+0800","caller":"ChatControllers/client.go:149","msg":"Create a new websocket connection!"}
{"level":"info","ts":"2017-12-20T23:38:36.533+0800","caller":"ChatControllers/client.go:149","msg":"Create a new websocket connection!"}
{"level":"info","ts":"2017-12-20T23:42:03.433+0800","caller":"crm-x/index.go:71","msg":"Shutdown Server ..."}
{"level":"info","ts":"2017-12-20T23:42:03.433+0800","caller":"Config/database.go:31","msg":"Begin to close db connection!"}
{"level":"info","ts":"2017-12-20T23:42:03.433+0800","caller":"crm-x/index.go:75","msg":"------------------    Recycle   ------------------"}
{"level":"info","ts":"2017-12-20T23:42:03.434+0800","caller":"crm-x/index.go:82","msg":"------------------Server exiting------------------"}
{"level":"info","ts":"2017-12-20T23:42:07.252+0800","caller":"Config/logger.go:46","msg":"--------------------------------------------------"}
{"level":"info","ts":"2017-12-20T23:42:07.252+0800","caller":"Config/logger.go:47","msg":"-------------------App start----------------------"}
{"level":"info","ts":"2017-12-20T23:42:07.252+0800","caller":"Config/logger.go:48","msg":"--------------------------------------------------"}
{"level":"info","ts":"2017-12-20T23:42:12.907+0800","caller":"ChatControllers/client.go:149","msg":"Create a new websocket connection!"}
{"level":"info","ts":"2017-12-20T23:42:16.617+0800","caller":"ChatControllers/client.go:149","msg":"Create a new websocket connection!"}
{"level":"info","ts":"2017-12-20T23:42:47.055+0800","caller":"crm-x/index.go:71","msg":"Shutdown Server ..."}
{"level":"info","ts":"2017-12-20T23:42:47.055+0800","caller":"Config/database.go:31","msg":"Begin to close db connection!"}
{"level":"info","ts":"2017-12-20T23:42:47.055+0800","caller":"crm-x/index.go:75","msg":"------------------    Recycle   ------------------"}
{"level":"info","ts":"2017-12-20T23:42:47.056+0800","caller":"crm-x/index.go:82","msg":"------------------Server exiting------------------"}
{"level":"info","ts":"2017-12-20T23:42:50.352+0800","caller":"Config/logger.go:46","msg":"--------------------------------------------------"}
{"level":"info","ts":"2017-12-20T23:42:50.352+0800","caller":"Config/logger.go:47","msg":"-------------------App start----------------------"}
{"level":"info","ts":"2017-12-20T23:42:50.352+0800","caller":"Config/logger.go:48","msg":"--------------------------------------------------"}
{"level":"info","ts":"2017-12-20T23:42:50.795+0800","caller":"ChatControllers/client.go:149","msg":"Create a new websocket connection!"}
{"level":"info","ts":"2017-12-20T23:42:51.713+0800","caller":"ChatControllers/client.go:149","msg":"Create a new websocket connection!"}
{"level":"info","ts":"2017-12-20T23:43:00.402+0800","caller":"ChatControllers/client.go:149","msg":"Create a new websocket connection!"}
{"level":"info","ts":"2017-12-20T23:43:02.312+0800","caller":"ChatControllers/client.go:149","msg":"Create a new websocket connection!"}
{"level":"info","ts":"2017-12-20T23:43:06.232+0800","caller":"ChatControllers/client.go:149","msg":"Create a new websocket connection!"}
{"level":"info","ts":"2017-12-20T23:45:04.592+0800","caller":"crm-x/index.go:71","msg":"Shutdown Server ..."}
{"level":"info","ts":"2017-12-20T23:45:04.593+0800","caller":"Config/database.go:31","msg":"Begin to close db connection!"}
{"level":"info","ts":"2017-12-20T23:45:04.593+0800","caller":"crm-x/index.go:75","msg":"------------------    Recycle   ------------------"}
{"level":"info","ts":"2017-12-20T23:45:04.593+0800","caller":"crm-x/index.go:82","msg":"------------------Server exiting------------------"}
{"level":"info","ts":"2017-12-20T23:45:08.822+0800","caller":"Config/logger.go:46","msg":"--------------------------------------------------"}
{"level":"info","ts":"2017-12-20T23:45:08.822+0800","caller":"Config/logger.go:47","msg":"-------------------App start----------------------"}
{"level":"info","ts":"2017-12-20T23:45:08.822+0800","caller":"Config/logger.go:48","msg":"--------------------------------------------------"}
{"level":"info","ts":"2017-12-20T23:45:09.726+0800","caller":"ChatControllers/client.go:149","msg":"Create a new websocket connection!"}
{"level":"info","ts":"2017-12-20T23:45:09.884+0800","caller":"ChatControllers/client.go:149","msg":"Create a new websocket connection!"}
{"level":"info","ts":"2017-12-20T23:45:26.422+0800","caller":"ChatControllers/client.go:149","msg":"Create a new websocket connection!"}
{"level":"info","ts":"2017-12-20T23:45:29.683+0800","caller":"ChatControllers/client.go:149","msg":"Create a new websocket connection!"}
{"level":"info","ts":"2017-12-20T23:47:17.690+0800","caller":"crm-x/index.go:71","msg":"Shutdown Server ..."}
{"level":"info","ts":"2017-12-20T23:47:17.690+0800","caller":"Config/database.go:31","msg":"Begin to close db connection!"}
{"level":"info","ts":"2017-12-20T23:47:17.691+0800","caller":"crm-x/index.go:75","msg":"------------------    Recycle   ------------------"}
{"level":"info","ts":"2017-12-20T23:47:17.692+0800","caller":"crm-x/index.go:82","msg":"------------------Server exiting------------------"}
{"level":"info","ts":"2017-12-20T23:49:19.381+0800","caller":"Config/logger.go:46","msg":"--------------------------------------------------"}
{"level":"info","ts":"2017-12-20T23:49:19.382+0800","caller":"Config/logger.go:47","msg":"-------------------App start----------------------"}
{"level":"info","ts":"2017-12-20T23:49:19.382+0800","caller":"Config/logger.go:48","msg":"--------------------------------------------------"}
{"level":"info","ts":"2017-12-20T23:49:22.167+0800","caller":"ChatControllers/client.go:149","msg":"Create a new websocket connection!"}
{"level":"info","ts":"2017-12-20T23:49:24.571+0800","caller":"ChatControllers/client.go:149","msg":"Create a new websocket connection!"}
{"level":"info","ts":"2017-12-20T23:49:27.471+0800","caller":"crm-x/index.go:71","msg":"Shutdown Server ..."}
{"level":"info","ts":"2017-12-20T23:49:27.471+0800","caller":"Config/database.go:31","msg":"Begin to close db connection!"}
{"level":"info","ts":"2017-12-20T23:49:27.471+0800","caller":"crm-x/index.go:75","msg":"------------------    Recycle   ------------------"}
{"level":"info","ts":"2017-12-20T23:49:27.471+0800","caller":"crm-x/index.go:82","msg":"------------------Server exiting------------------"}
{"level":"info","ts":"2017-12-20T23:49:30.253+0800","caller":"Config/logger.go:46","msg":"--------------------------------------------------"}
{"level":"info","ts":"2017-12-20T23:49:30.253+0800","caller":"Config/logger.go:47","msg":"-------------------App start----------------------"}
{"level":"info","ts":"2017-12-20T23:49:30.253+0800","caller":"Config/logger.go:48","msg":"--------------------------------------------------"}
{"level":"info","ts":"2017-12-20T23:49:30.785+0800","caller":"ChatControllers/client.go:149","msg":"Create a new websocket connection!"}
{"level":"info","ts":"2017-12-20T23:49:32.460+0800","caller":"ChatControllers/client.go:149","msg":"Create a new websocket connection!"}
{"level":"info","ts":"2017-12-20T23:49:42.827+0800","caller":"ChatControllers/client.go:149","msg":"Create a new websocket connection!"}
{"level":"info","ts":"2017-12-20T23:49:44.019+0800","caller":"ChatControllers/client.go:149","msg":"Create a new websocket connection!"}
{"level":"info","ts":"2017-12-20T23:49:50.462+0800","caller":"ChatControllers/client.go:149","msg":"Create a new websocket connection!"}
{"level":"info","ts":"2017-12-20T23:49:58.483+0800","caller":"crm-x/index.go:71","msg":"Shutdown Server ..."}
{"level":"info","ts":"2017-12-20T23:49:58.484+0800","caller":"Config/database.go:31","msg":"Begin to close db connection!"}
{"level":"info","ts":"2017-12-20T23:49:58.484+0800","caller":"crm-x/index.go:75","msg":"------------------    Recycle   ------------------"}
{"level":"info","ts":"2017-12-20T23:49:58.484+0800","caller":"crm-x/index.go:62","msg":"listen: http: Server closed\n"}
{"level":"info","ts":"2017-12-20T23:50:03.488+0800","caller":"crm-x/index.go:80","msg":"Server Shutdown: context deadline exceeded\n"}
{"level":"info","ts":"2017-12-20T23:50:03.489+0800","caller":"crm-x/index.go:82","msg":"------------------Server exiting------------------"}
{"level":"info","ts":"2017-12-20T23:50:47.016+0800","caller":"Config/logger.go:46","msg":"--------------------------------------------------"}
{"level":"info","ts":"2017-12-20T23:50:47.016+0800","caller":"Config/logger.go:47","msg":"-------------------App start----------------------"}
{"level":"info","ts":"2017-12-20T23:50:47.016+0800","caller":"Config/logger.go:48","msg":"--------------------------------------------------"}
{"level":"info","ts":"2017-12-20T23:50:50.547+0800","caller":"ChatControllers/client.go:149","msg":"Create a new websocket connection!"}
{"level":"info","ts":"2017-12-20T23:50:51.842+0800","caller":"ChatControllers/client.go:149","msg":"Create a new websocket connection!"}
{"level":"info","ts":"2017-12-20T23:54:56.359+0800","caller":"crm-x/index.go:71","msg":"Shutdown Server ..."}
{"level":"info","ts":"2017-12-20T23:54:56.359+0800","caller":"Config/database.go:31","msg":"Begin to close db connection!"}
{"level":"info","ts":"2017-12-20T23:54:56.359+0800","caller":"crm-x/index.go:75","msg":"------------------    Recycle   ------------------"}
{"level":"info","ts":"2017-12-20T23:54:56.360+0800","caller":"crm-x/index.go:82","msg":"------------------Server exiting------------------"}
{"level":"info","ts":"2017-12-20T23:54:59.148+0800","caller":"Config/logger.go:46","msg":"--------------------------------------------------"}
{"level":"info","ts":"2017-12-20T23:54:59.148+0800","caller":"Config/logger.go:47","msg":"-------------------App start----------------------"}
{"level":"info","ts":"2017-12-20T23:54:59.148+0800","caller":"Config/logger.go:48","msg":"--------------------------------------------------"}
{"level":"info","ts":"2017-12-20T23:55:05.363+0800","caller":"ChatControllers/client.go:151","msg":"Create a new websocket connection!"}
{"level":"info","ts":"2017-12-20T23:55:07.195+0800","caller":"ChatControllers/client.go:151","msg":"Create a new websocket connection!"}
{"level":"info","ts":"2017-12-20T23:55:44.596+0800","caller":"ChatControllers/client.go:71","msg":"Close a websocket connsction!"}
{"level":"info","ts":"2017-12-20T23:55:44.596+0800","caller":"ChatControllers/hub.go:54","msg":"Close a websocket connsction!"}
{"level":"info","ts":"2017-12-20T23:55:44.596+0800","caller":"ChatControllers/client.go:99","msg":"Close a websocket connsction!"}
{"level":"info","ts":"2017-12-21T13:36:25.774+0800","caller":"crm-x/index.go:71","msg":"Shutdown Server ..."}
{"level":"info","ts":"2017-12-21T13:36:25.784+0800","caller":"Config/database.go:31","msg":"Begin to close db connection!"}
{"level":"info","ts":"2017-12-21T13:36:25.784+0800","caller":"crm-x/index.go:75","msg":"------------------    Recycle   ------------------"}
{"level":"info","ts":"2017-12-21T13:36:25.789+0800","caller":"crm-x/index.go:82","msg":"------------------Server exiting------------------"}
{"level":"info","ts":"2017-12-21T13:36:44.931+0800","caller":"Config/logger.go:46","msg":"--------------------------------------------------"}
{"level":"info","ts":"2017-12-21T13:36:44.931+0800","caller":"Config/logger.go:47","msg":"-------------------App start----------------------"}
{"level":"info","ts":"2017-12-21T13:36:44.931+0800","caller":"Config/logger.go:48","msg":"--------------------------------------------------"}
{"level":"info","ts":"2017-12-21T13:37:14.357+0800","caller":"Config/logger.go:46","msg":"--------------------------------------------------"}
{"level":"info","ts":"2017-12-21T13:37:14.357+0800","caller":"Config/logger.go:47","msg":"-------------------App start----------------------"}
{"level":"info","ts":"2017-12-21T13:37:14.357+0800","caller":"Config/logger.go:48","msg":"--------------------------------------------------"}
{"level":"info","ts":"2017-12-21T13:39:14.727+0800","caller":"crm-x/index.go:71","msg":"Shutdown Server ..."}
{"level":"info","ts":"2017-12-21T13:39:14.728+0800","caller":"Config/database.go:31","msg":"Begin to close db connection!"}
{"level":"info","ts":"2017-12-21T13:39:14.728+0800","caller":"crm-x/index.go:75","msg":"------------------    Recycle   ------------------"}
{"level":"info","ts":"2017-12-21T13:39:14.728+0800","caller":"crm-x/index.go:82","msg":"------------------Server exiting------------------"}
{"level":"info","ts":"2017-12-21T13:39:18.568+0800","caller":"Config/logger.go:46","msg":"--------------------------------------------------"}
{"level":"info","ts":"2017-12-21T13:39:18.568+0800","caller":"Config/logger.go:47","msg":"-------------------App start----------------------"}
{"level":"info","ts":"2017-12-21T13:39:18.568+0800","caller":"Config/logger.go:48","msg":"--------------------------------------------------"}
{"level":"info","ts":"2017-12-21T13:40:36.816+0800","caller":"crm-x/index.go:71","msg":"Shutdown Server ..."}
{"level":"info","ts":"2017-12-21T13:40:36.817+0800","caller":"Config/database.go:31","msg":"Begin to close db connection!"}
{"level":"info","ts":"2017-12-21T13:40:36.817+0800","caller":"crm-x/index.go:75","msg":"------------------    Recycle   ------------------"}
{"level":"info","ts":"2017-12-21T13:40:36.818+0800","caller":"crm-x/index.go:82","msg":"------------------Server exiting------------------"}
{"level":"info","ts":"2017-12-21T13:40:40.956+0800","caller":"Config/logger.go:46","msg":"--------------------------------------------------"}
{"level":"info","ts":"2017-12-21T13:40:40.957+0800","caller":"Config/logger.go:47","msg":"-------------------App start----------------------"}
{"level":"info","ts":"2017-12-21T13:40:40.957+0800","caller":"Config/logger.go:48","msg":"--------------------------------------------------"}
{"level":"info","ts":"2017-12-21T13:41:00.043+0800","caller":"Config/logger.go:46","msg":"--------------------------------------------------"}
{"level":"info","ts":"2017-12-21T13:41:00.043+0800","caller":"Config/logger.go:47","msg":"-------------------App start----------------------"}
{"level":"info","ts":"2017-12-21T13:41:00.043+0800","caller":"Config/logger.go:48","msg":"--------------------------------------------------"}
{"level":"info","ts":"2017-12-21T13:41:38.754+0800","caller":"crm-x/index.go:71","msg":"Shutdown Server ..."}
{"level":"info","ts":"2017-12-21T13:41:38.754+0800","caller":"Config/database.go:31","msg":"Begin to close db connection!"}
{"level":"info","ts":"2017-12-21T13:41:38.754+0800","caller":"crm-x/index.go:75","msg":"------------------    Recycle   ------------------"}
{"level":"info","ts":"2017-12-21T13:41:38.756+0800","caller":"crm-x/index.go:82","msg":"------------------Server exiting------------------"}
{"level":"info","ts":"2017-12-21T13:41:42.521+0800","caller":"Config/logger.go:46","msg":"--------------------------------------------------"}
{"level":"info","ts":"2017-12-21T13:41:42.522+0800","caller":"Config/logger.go:47","msg":"-------------------App start----------------------"}
{"level":"info","ts":"2017-12-21T13:41:42.522+0800","caller":"Config/logger.go:48","msg":"--------------------------------------------------"}
{"level":"info","ts":"2017-12-21T13:41:47.809+0800","caller":"Config/logger.go:46","msg":"--------------------------------------------------"}
{"level":"info","ts":"2017-12-21T13:41:47.809+0800","caller":"Config/logger.go:47","msg":"-------------------App start----------------------"}
{"level":"info","ts":"2017-12-21T13:41:47.809+0800","caller":"Config/logger.go:48","msg":"--------------------------------------------------"}
